{"content": {"suites": {"0": {"status": {"total_pass": 0, "total_skip": 0, "total_xpass": 0, "total_xfail": 0, "total_rerun": 0, "total_fail": 4, "total_error": 0}, "tests": {"0": {"status": "FAIL", "message": "   selenium.common.exceptions.ElementNotInteractableException: Message: element not interactable\n     (Session info: chrome=121.0.6167.185)\n   Stacktrace:\n   \tGetHandleVerifier [0x00007FF61C865E42+3538674]\n   \t(No symbol) [0x00007FF61C484C02]\n   \t(No symbol) [0x00007FF61C33599D]\n   \t(No symbol) [0x00007FF61C37D406]\n   \t(No symbol) [0x00007FF61C371950]\n   \t(No symbol) [0x00007FF61C39F0AA]\n   \t(No symbol) [0x00007FF61C37124A]\n   \t(No symbol) [0x00007FF61C39F2C0]\n   \t(No symbol) [0x00007FF61C3BBDE3]\n   \t(No symbol) [0x00007FF61C39EE53]\n   \t(No symbol) [0x00007FF61C36F514]\n   \t(No symbol) [0x00007FF61C370631]\n   \tGetHandleVerifier [0x00007FF61C896CAD+3738973]\n   \tGetHandleVerifier [0x00007FF61C8EC506+4089270]\n   \tGetHandleVerifier [0x00007FF61C8E4823+4057299]\n   \tGetHandleVerifier [0x00007FF61C5B5C49+720121]\n   \t(No symbol) [0x00007FF61C49126F]\n   \t(No symbol) [0x00007FF61C48C304]\n   \t(No symbol) [0x00007FF61C48C432]\n   \t(No symbol) [0x00007FF61C47BD04]\n   \tBaseThreadInitThunk [0x00007FFF50837344+20]\n   \tRtlUserThreadStart [0x00007FFF523226B1+33]\n", "test_name": "test_login_ddt_001[admin@gmail.com-123456]", "rerun": "0"}, "1": {"status": "FAIL", "message": "   selenium.common.exceptions.ElementNotInteractableException: Message: element not interactable\n     (Session info: chrome=121.0.6167.185)\n   Stacktrace:\n   \tGetHandleVerifier [0x00007FF61C865E42+3538674]\n   \t(No symbol) [0x00007FF61C484C02]\n   \t(No symbol) [0x00007FF61C33599D]\n   \t(No symbol) [0x00007FF61C37D406]\n   \t(No symbol) [0x00007FF61C371950]\n   \t(No symbol) [0x00007FF61C39F0AA]\n   \t(No symbol) [0x00007FF61C37124A]\n   \t(No symbol) [0x00007FF61C39F2C0]\n   \t(No symbol) [0x00007FF61C3BBDE3]\n   \t(No symbol) [0x00007FF61C39EE53]\n   \t(No symbol) [0x00007FF61C36F514]\n   \t(No symbol) [0x00007FF61C370631]\n   \tGetHandleVerifier [0x00007FF61C896CAD+3738973]\n   \tGetHandleVerifier [0x00007FF61C8EC506+4089270]\n   \tGetHandleVerifier [0x00007FF61C8E4823+4057299]\n   \tGetHandleVerifier [0x00007FF61C5B5C49+720121]\n   \t(No symbol) [0x00007FF61C49126F]\n   \t(No symbol) [0x00007FF61C48C304]\n   \t(No symbol) [0x00007FF61C48C432]\n   \t(No symbol) [0x00007FF61C47BD04]\n   \tBaseThreadInitThunk [0x00007FFF50837344+20]\n   \tRtlUserThreadStart [0x00007FFF523226B1+33]\n", "test_name": "test_login_ddt_001[hr@gmail.com-123456]", "rerun": "0"}, "2": {"status": "FAIL", "message": "   selenium.common.exceptions.NoSuchElementException: Message: no such element: Unable to locate element: {\"method\":\"xpath\",\"selector\":\"//h1[normalize-space()='Demo Hospital Statistics']\"}\n     (Session info: chrome=121.0.6167.185); For documentation on this error, please visit: https://www.selenium.dev/documentation/webdriver/troubleshooting/errors#no-such-element-exception\n   Stacktrace:\n   \tGetHandleVerifier [0x00007FF61C865E42+3538674]\n   \t(No symbol) [0x00007FF61C484C02]\n   \t(No symbol) [0x00007FF61C335AEB]\n   \t(No symbol) [0x00007FF61C37BF4E]\n   \t(No symbol) [0x00007FF61C37C0CC]\n   \t(No symbol) [0x00007FF61C3BE477]\n   \t(No symbol) [0x00007FF61C39F0EF]\n   \t(No symbol) [0x00007FF61C3BBDE3]\n   \t(No symbol) [0x00007FF61C39EE53]\n   \t(No symbol) [0x00007FF61C36F514]\n   \t(No symbol) [0x00007FF61C370631]\n   \tGetHandleVerifier [0x00007FF61C896CAD+3738973]\n   \tGetHandleVerifier [0x00007FF61C8EC506+4089270]\n   \tGetHandleVerifier [0x00007FF61C8E4823+4057299]\n   \tGetHandleVerifier [0x00007FF61C5B5C49+720121]\n   \t(No symbol) [0x00007FF61C49126F]\n   \t(No symbol) [0x00007FF61C48C304]\n   \t(No symbol) [0x00007FF61C48C432]\n   \t(No symbol) [0x00007FF61C47BD04]\n   \tBaseThreadInitThunk [0x00007FFF50837344+20]\n   \tRtlUserThreadStart [0x00007FFF523226B1+33]\n", "test_name": "test_login_ddt_001[accountant@gmail.com-123456]", "rerun": "0"}, "3": {"status": "FAIL", "message": "   selenium.common.exceptions.ElementNotInteractableException: Message: element not interactable\n     (Session info: chrome=121.0.6167.185)\n   Stacktrace:\n   \tGetHandleVerifier [0x00007FF61C865E42+3538674]\n   \t(No symbol) [0x00007FF61C484C02]\n   \t(No symbol) [0x00007FF61C33599D]\n   \t(No symbol) [0x00007FF61C37D406]\n   \t(No symbol) [0x00007FF61C371950]\n   \t(No symbol) [0x00007FF61C39F0AA]\n   \t(No symbol) [0x00007FF61C37124A]\n   \t(No symbol) [0x00007FF61C39F2C0]\n   \t(No symbol) [0x00007FF61C3BBDE3]\n   \t(No symbol) [0x00007FF61C39EE53]\n   \t(No symbol) [0x00007FF61C36F514]\n   \t(No symbol) [0x00007FF61C370631]\n   \tGetHandleVerifier [0x00007FF61C896CAD+3738973]\n   \tGetHandleVerifier [0x00007FF61C8EC506+4089270]\n   \tGetHandleVerifier [0x00007FF61C8E4823+4057299]\n   \tGetHandleVerifier [0x00007FF61C5B5C49+720121]\n   \t(No symbol) [0x00007FF61C49126F]\n   \t(No symbol) [0x00007FF61C48C304]\n   \t(No symbol) [0x00007FF61C48C432]\n   \t(No symbol) [0x00007FF61C47BD04]\n   \tBaseThreadInitThunk [0x00007FFF50837344+20]\n   \tRtlUserThreadStart [0x00007FFF523226B1+33]\n", "test_name": "test_login_ddt_001[pathologist@gmail.com-123456]", "rerun": "0"}}, "suite_name": "testCases/test_Multi_Login_ddt.py"}}}, "date": "February 16, 2024", "start_time": 1708054176.051948, "total_suite": 1, "status": "FAIL", "status_list": {"pass": "0", "fail": "4", "skip": "0", "error": "0", "xpass": "0", "xfail": "0", "rerun": "0"}, "total_tests": "4"}