{"content": {"suites": {"0": {"status": {"total_pass": 1, "total_skip": 1, "total_xpass": 0, "total_xfail": 0, "total_rerun": 0, "total_fail": 0, "total_error": 0}, "tests": {"0": {"status": "SKIP", "message": "('C:\\\\Users\\\\ADMIN\\\\Desktop\\\\AkashAutomationDemoProject\\\\testCases\\\\test_Login_UI.py', 14, 'Skipped: reason for skipping the test case')\n", "test_name": "test_admin_login001", "rerun": "0"}, "1": {"status": "PASS", "message": "", "test_name": "test_admin_login_genric_methods002", "rerun": "0"}}, "suite_name": "testCases/test_Login_UI.py"}, "1": {"suite_name": "testCases/test_Multi_Login_ddt.py", "tests": {"0": {"status": "PASS", "message": "", "test_name": "test_login_ddt_001[admin@gmail.com-123456]", "rerun": "0"}, "1": {"status": "PASS", "message": "", "test_name": "test_login_ddt_001[hr@gmail.com-123456]", "rerun": "0"}, "2": {"status": "FAIL", "message": "   selenium.common.exceptions.NoSuchElementException: Message: no such element: Unable to locate element: {\"method\":\"xpath\",\"selector\":\"//h1[normalize-space()='Demo Hospital Statistics']\"}\n     (Session info: chrome=122.0.6261.70); For documentation on this error, please visit: https://www.selenium.dev/documentation/webdriver/troubleshooting/errors#no-such-element-exception\n   Stacktrace:\n   \tGetHandleVerifier [0x00007FF7E76EAD22+56930]\n   \t(No symbol) [0x00007FF7E765F622]\n   \t(No symbol) [0x00007FF7E75142E5]\n   \t(No symbol) [0x00007FF7E75598ED]\n   \t(No symbol) [0x00007FF7E7559A2C]\n   \t(No symbol) [0x00007FF7E759A967]\n   \t(No symbol) [0x00007FF7E757BCDF]\n   \t(No symbol) [0x00007FF7E75981E2]\n   \t(No symbol) [0x00007FF7E757BA43]\n   \t(No symbol) [0x00007FF7E754D438]\n   \t(No symbol) [0x00007FF7E754E4D1]\n   \tGetHandleVerifier [0x00007FF7E7A66AAD+3709933]\n   \tGetHandleVerifier [0x00007FF7E7ABFFED+4075821]\n   \tGetHandleVerifier [0x00007FF7E7AB817F+4043455]\n   \tGetHandleVerifier [0x00007FF7E7789756+706710]\n   \t(No symbol) [0x00007FF7E766B8FF]\n   \t(No symbol) [0x00007FF7E7666AE4]\n   \t(No symbol) [0x00007FF7E7666C3C]\n   \t(No symbol) [0x00007FF7E76568F4]\n   \tBaseThreadInitThunk [0x00007FFF50837344+20]\n   \tRtlUserThreadStart [0x00007FFF523226B1+33]\n", "test_name": "test_login_ddt_001[accountant@gmail.com-123456]", "rerun": "0"}, "3": {"status": "PASS", "message": "", "test_name": "test_login_ddt_001[pathologist@gmail.com-123456]", "rerun": "0"}}, "status": {"total_pass": 3, "total_skip": 0, "total_xpass": 0, "total_xfail": 0, "total_rerun": 0, "total_fail": 1, "total_error": 0}}, "2": {"suite_name": "testCases/test_login_API.py", "tests": {"0": {"status": "PASS", "message": "", "test_name": "test_Check_Login_Api", "rerun": "0"}}, "status": {"total_pass": 1, "total_skip": 0, "total_xpass": 0, "total_xfail": 0, "total_rerun": 0, "total_fail": 0, "total_error": 0}}, "3": {"suite_name": "testCases/test_patient_page.py", "tests": {"0": {"status": "PASS", "message": "", "test_name": "test_patient_list_display_url_001", "rerun": "0"}, "1": {"status": "FAIL", "message": "   selenium.common.exceptions.NoSuchElementException: Message: no such element: Unable to locate element: {\"method\":\"xpath\",\"selector\":\"//td[normalize-space()='abcdef']\"}\n     (Session info: chrome=122.0.6261.70); For documentation on this error, please visit: https://www.selenium.dev/documentation/webdriver/troubleshooting/errors#no-such-element-exception\n   Stacktrace:\n   \tGetHandleVerifier [0x00007FF7E76EAD22+56930]\n   \t(No symbol) [0x00007FF7E765F622]\n   \t(No symbol) [0x00007FF7E75142E5]\n   \t(No symbol) [0x00007FF7E75598ED]\n   \t(No symbol) [0x00007FF7E7559A2C]\n   \t(No symbol) [0x00007FF7E759A967]\n   \t(No symbol) [0x00007FF7E757BCDF]\n   \t(No symbol) [0x00007FF7E75981E2]\n   \t(No symbol) [0x00007FF7E757BA43]\n   \t(No symbol) [0x00007FF7E754D438]\n   \t(No symbol) [0x00007FF7E754E4D1]\n   \tGetHandleVerifier [0x00007FF7E7A66AAD+3709933]\n   \tGetHandleVerifier [0x00007FF7E7ABFFED+4075821]\n   \tGetHandleVerifier [0x00007FF7E7AB817F+4043455]\n   \tGetHandleVerifier [0x00007FF7E7789756+706710]\n   \t(No symbol) [0x00007FF7E766B8FF]\n   \t(No symbol) [0x00007FF7E7666AE4]\n   \t(No symbol) [0x00007FF7E7666C3C]\n   \t(No symbol) [0x00007FF7E76568F4]\n   \tBaseThreadInitThunk [0x00007FFF50837344+20]\n   \tRtlUserThreadStart [0x00007FFF523226B1+33]\n       assert False\n", "test_name": "test_SearchPatient__002", "rerun": "0"}, "2": {"status": "PASS", "message": "", "test_name": "test_SearchPatient_003", "rerun": "0"}}, "status": {"total_pass": 2, "total_skip": 0, "total_xpass": 0, "total_xfail": 0, "total_rerun": 0, "total_fail": 1, "total_error": 0}}}}, "date": "March 01, 2024", "start_time": 1709276126.1227233, "total_suite": 4, "status": "FAIL", "status_list": {"pass": "7", "fail": "2", "skip": "1", "error": "0", "xpass": "0", "xfail": "0", "rerun": "0"}, "total_tests": "10"}