{"content": {"suites": {"0": {"status": {"total_pass": 1, "total_skip": 1, "total_xpass": 0, "total_xfail": 0, "total_rerun": 0, "total_fail": 0, "total_error": 0}, "tests": {"0": {"status": "SKIP", "message": "('C:\\\\Users\\\\ADMIN\\\\Desktop\\\\AkashAutomationDemoProject\\\\testCases\\\\test_Login_UI.py', 14, 'Skipped: reason for skipping the test case')\n", "test_name": "test_admin_login001", "rerun": "0"}, "1": {"status": "PASS", "message": "", "test_name": "test_admin_login_genric_methods002", "rerun": "0"}}, "suite_name": "testCases/test_Login_UI.py"}, "1": {"suite_name": "testCases/test_Multi_Login_ddt.py", "tests": {"0": {"status": "PASS", "message": "", "test_name": "test_login_ddt_001[admin@gmail.com-123456]", "rerun": "0"}, "1": {"status": "PASS", "message": "", "test_name": "test_login_ddt_001[hr@gmail.com-123456]", "rerun": "0"}, "2": {"status": "FAIL", "message": "   selenium.common.exceptions.NoSuchElementException: Message: no such element: Unable to locate element: {\"method\":\"xpath\",\"selector\":\"//h1[normalize-space()='Demo Hospital Statistics']\"}\n     (Session info: chrome=121.0.6167.189); For documentation on this error, please visit: https://www.selenium.dev/documentation/webdriver/troubleshooting/errors#no-such-element-exception\n   Stacktrace:\n   \tGetHandleVerifier [0x00007FF7103B7012+3522402]\n   \t(No symbol) [0x00007FF70FFD8352]\n   \t(No symbol) [0x00007FF70FE85ABB]\n   \t(No symbol) [0x00007FF70FECBF0E]\n   \t(No symbol) [0x00007FF70FECC08C]\n   \t(No symbol) [0x00007FF70FF0E437]\n   \t(No symbol) [0x00007FF70FEEF09F]\n   \t(No symbol) [0x00007FF70FF0BDA3]\n   \t(No symbol) [0x00007FF70FEEEE03]\n   \t(No symbol) [0x00007FF70FEBF4D4]\n   \t(No symbol) [0x00007FF70FEC05F1]\n   \tGetHandleVerifier [0x00007FF7103E9B9D+3730157]\n   \tGetHandleVerifier [0x00007FF71043F02D+4079485]\n   \tGetHandleVerifier [0x00007FF7104375D3+4048163]\n   \tGetHandleVerifier [0x00007FF71010A649+718233]\n   \t(No symbol) [0x00007FF70FFE4A3F]\n   \t(No symbol) [0x00007FF70FFDFA94]\n   \t(No symbol) [0x00007FF70FFDFBC2]\n   \t(No symbol) [0x00007FF70FFCF2E4]\n   \tBaseThreadInitThunk [0x00007FFF50837344+20]\n   \tRtlUserThreadStart [0x00007FFF523226B1+33]\n", "test_name": "test_login_ddt_001[accountant@gmail.com-123456]", "rerun": "0"}, "3": {"status": "PASS", "message": "", "test_name": "test_login_ddt_001[pathologist@gmail.com-123456]", "rerun": "0"}}, "status": {"total_pass": 3, "total_skip": 0, "total_xpass": 0, "total_xfail": 0, "total_rerun": 0, "total_fail": 1, "total_error": 0}}, "2": {"suite_name": "testCases/test_login_API.py", "tests": {"0": {"status": "PASS", "message": "", "test_name": "test_Check_Login_Api", "rerun": "0"}}, "status": {"total_pass": 1, "total_skip": 0, "total_xpass": 0, "total_xfail": 0, "total_rerun": 0, "total_fail": 0, "total_error": 0}}, "3": {"suite_name": "testCases/test_patient_page.py", "tests": {"0": {"status": "PASS", "message": "", "test_name": "test_patient_list_display_url_001", "rerun": "0"}, "1": {"status": "FAIL", "message": "   selenium.common.exceptions.NoSuchElementException: Message: no such element: Unable to locate element: {\"method\":\"xpath\",\"selector\":\"//td[normalize-space()='abcdef']\"}\n     (Session info: chrome=121.0.6167.189); For documentation on this error, please visit: https://www.selenium.dev/documentation/webdriver/troubleshooting/errors#no-such-element-exception\n   Stacktrace:\n   \tGetHandleVerifier [0x00007FF7103B7012+3522402]\n   \t(No symbol) [0x00007FF70FFD8352]\n   \t(No symbol) [0x00007FF70FE85ABB]\n   \t(No symbol) [0x00007FF70FECBF0E]\n   \t(No symbol) [0x00007FF70FECC08C]\n   \t(No symbol) [0x00007FF70FF0E437]\n   \t(No symbol) [0x00007FF70FEEF09F]\n   \t(No symbol) [0x00007FF70FF0BDA3]\n   \t(No symbol) [0x00007FF70FEEEE03]\n   \t(No symbol) [0x00007FF70FEBF4D4]\n   \t(No symbol) [0x00007FF70FEC05F1]\n   \tGetHandleVerifier [0x00007FF7103E9B9D+3730157]\n   \tGetHandleVerifier [0x00007FF71043F02D+4079485]\n   \tGetHandleVerifier [0x00007FF7104375D3+4048163]\n   \tGetHandleVerifier [0x00007FF71010A649+718233]\n   \t(No symbol) [0x00007FF70FFE4A3F]\n   \t(No symbol) [0x00007FF70FFDFA94]\n   \t(No symbol) [0x00007FF70FFDFBC2]\n   \t(No symbol) [0x00007FF70FFCF2E4]\n   \tBaseThreadInitThunk [0x00007FFF50837344+20]\n   \tRtlUserThreadStart [0x00007FFF523226B1+33]\n       assert False\n", "test_name": "test_SearchPatient__002", "rerun": "0"}, "2": {"status": "PASS", "message": "", "test_name": "test_SearchPatient_003", "rerun": "0"}}, "status": {"total_pass": 2, "total_skip": 0, "total_xpass": 0, "total_xfail": 0, "total_rerun": 0, "total_fail": 1, "total_error": 0}}}}, "date": "February 28, 2024", "start_time": 1709105145.1643722, "total_suite": 4, "status": "FAIL", "status_list": {"pass": "7", "fail": "2", "skip": "1", "error": "0", "xpass": "0", "xfail": "0", "rerun": "0"}, "total_tests": "10"}