{"content": {"suites": {"0": {"status": {"total_pass": 3, "total_skip": 3, "total_xpass": 0, "total_xfail": 0, "total_rerun": 0, "total_fail": 0, "total_error": 0}, "tests": {"0": {"status": "SKIP", "message": "('C:\\\\Users\\\\ADMIN\\\\Desktop\\\\AkashAutomationDemoProject\\\\testCases\\\\test_Login_UI.py', 14, 'Skipped: reason for skipping the test case')\n", "test_name": "test_admin_login001[chrome]", "rerun": "0"}, "1": {"status": "PASS", "message": "", "test_name": "test_admin_login_genric_methods002[chrome]", "rerun": "0"}, "2": {"status": "SKIP", "message": "('C:\\\\Users\\\\ADMIN\\\\Desktop\\\\AkashAutomationDemoProject\\\\testCases\\\\test_Login_UI.py', 14, 'Skipped: reason for skipping the test case')\n", "test_name": "test_admin_login001[firefox]", "rerun": "0"}, "3": {"status": "PASS", "message": "", "test_name": "test_admin_login_genric_methods002[firefox]", "rerun": "0"}, "4": {"status": "SKIP", "message": "('C:\\\\Users\\\\ADMIN\\\\Desktop\\\\AkashAutomationDemoProject\\\\testCases\\\\test_Login_UI.py', 14, 'Skipped: reason for skipping the test case')\n", "test_name": "test_admin_login001[edge]", "rerun": "0"}, "5": {"status": "PASS", "message": "", "test_name": "test_admin_login_genric_methods002[edge]", "rerun": "0"}}, "suite_name": "testCases/test_Login_UI.py"}, "1": {"suite_name": "testCases/test_Multi_Login_ddt.py", "tests": {"0": {"status": "PASS", "message": "", "test_name": "test_login_ddt_001[chrome-admin@gmail.com-123456]", "rerun": "0"}, "1": {"status": "PASS", "message": "", "test_name": "test_login_ddt_001[chrome-hr@gmail.com-123456]", "rerun": "0"}, "2": {"status": "FAIL", "message": "   selenium.common.exceptions.NoSuchElementException: Message: no such element: Unable to locate element: {\"method\":\"xpath\",\"selector\":\"//h1[normalize-space()='Demo Hospital Statistics']\"}\n     (Session info: chrome=122.0.6261.70); For documentation on this error, please visit: https://www.selenium.dev/documentation/webdriver/troubleshooting/errors#no-such-element-exception\n   Stacktrace:\n   \tGetHandleVerifier [0x00007FF640CDAD22+56930]\n   \t(No symbol) [0x00007FF640C4F622]\n   \t(No symbol) [0x00007FF640B042E5]\n   \t(No symbol) [0x00007FF640B498ED]\n   \t(No symbol) [0x00007FF640B49A2C]\n   \t(No symbol) [0x00007FF640B8A967]\n   \t(No symbol) [0x00007FF640B6BCDF]\n   \t(No symbol) [0x00007FF640B881E2]\n   \t(No symbol) [0x00007FF640B6BA43]\n   \t(No symbol) [0x00007FF640B3D438]\n   \t(No symbol) [0x00007FF640B3E4D1]\n   \tGetHandleVerifier [0x00007FF641056AAD+3709933]\n   \tGetHandleVerifier [0x00007FF6410AFFED+4075821]\n   \tGetHandleVerifier [0x00007FF6410A817F+4043455]\n   \tGetHandleVerifier [0x00007FF640D79756+706710]\n   \t(No symbol) [0x00007FF640C5B8FF]\n   \t(No symbol) [0x00007FF640C56AE4]\n   \t(No symbol) [0x00007FF640C56C3C]\n   \t(No symbol) [0x00007FF640C468F4]\n   \tBaseThreadInitThunk [0x00007FFF50837344+20]\n   \tRtlUserThreadStart [0x00007FFF523226B1+33]\n", "test_name": "test_login_ddt_001[chrome-accountant@gmail.com-123456]", "rerun": "0"}, "3": {"status": "PASS", "message": "", "test_name": "test_login_ddt_001[chrome-pathologist@gmail.com-123456]", "rerun": "0"}, "4": {"status": "PASS", "message": "", "test_name": "test_login_ddt_001[firefox-admin@gmail.com-123456]", "rerun": "0"}, "5": {"status": "PASS", "message": "", "test_name": "test_login_ddt_001[firefox-hr@gmail.com-123456]", "rerun": "0"}, "6": {"status": "FAIL", "message": "   selenium.common.exceptions.NoSuchElementException: Message: Unable to locate element: //h1[normalize-space()='Demo Hospital Statistics']; For documentation on this error, please visit: https://www.selenium.dev/documentation/webdriver/troubleshooting/errors#no-such-element-exception\n   Stacktrace:\n   RemoteError@chrome://remote/content/shared/RemoteError.sys.mjs:8:8\n   WebDriverError@chrome://remote/content/shared/webdriver/Errors.sys.mjs:191:5\n   NoSuchElementError@chrome://remote/content/shared/webdriver/Errors.sys.mjs:509:5\n   dom.find/</<@chrome://remote/content/shared/DOM.sys.mjs:136:16\n", "test_name": "test_login_ddt_001[firefox-accountant@gmail.com-123456]", "rerun": "0"}, "7": {"status": "PASS", "message": "", "test_name": "test_login_ddt_001[firefox-pathologist@gmail.com-123456]", "rerun": "0"}, "8": {"status": "PASS", "message": "", "test_name": "test_login_ddt_001[edge-admin@gmail.com-123456]", "rerun": "0"}, "9": {"status": "PASS", "message": "", "test_name": "test_login_ddt_001[edge-hr@gmail.com-123456]", "rerun": "0"}, "10": {"status": "FAIL", "message": "   selenium.common.exceptions.NoSuchElementException: Message: no such element: Unable to locate element: {\"method\":\"xpath\",\"selector\":\"//h1[normalize-space()='Demo Hospital Statistics']\"}\n     (Session info: MicrosoftEdge=119.0.2151.93); For documentation on this error, please visit: https://www.selenium.dev/documentation/webdriver/troubleshooting/errors#no-such-element-exception\n   Stacktrace:\n   \tGetHandleVerifier [0x00007FF6B24025A2+60402]\n   \tMicrosoft::Applications::Events::ILogConfiguration::operator* [0x00007FF6B23872F2+253618]\n   \t(No symbol) [0x00007FF6B2159C99]\n   \t(No symbol) [0x00007FF6B21A9FD4]\n   \t(No symbol) [0x00007FF6B21AA10A]\n   \t(No symbol) [0x00007FF6B21E81D7]\n   \t(No symbol) [0x00007FF6B21CBACF]\n   \t(No symbol) [0x00007FF6B219D766]\n   \t(No symbol) [0x00007FF6B21E5111]\n   \t(No symbol) [0x00007FF6B21CB863]\n   \t(No symbol) [0x00007FF6B219C585]\n   \t(No symbol) [0x00007FF6B219B993]\n   \t(No symbol) [0x00007FF6B219CD14]\n   \tMicrosoft::Applications::Events::EventProperty::to_string [0x00007FF6B25E3444+1161924]\n   \t(No symbol) [0x00007FF6B221E5F6]\n   \tMicrosoft::Applications::Events::EventProperty::~EventProperty [0x00007FF6B22DB083+37459]\n   \tMicrosoft::Applications::Events::EventProperty::~EventProperty [0x00007FF6B22D2C4D+3613]\n   \tMicrosoft::Applications::Events::EventProperty::to_string [0x00007FF6B25E2184+1157124]\n   \tMicrosoft::Applications::Events::ILogConfiguration::operator* [0x00007FF6B2391648+295432]\n   \tMicrosoft::Applications::Events::ILogConfiguration::operator* [0x00007FF6B238CB14+276180]\n   \tMicrosoft::Applications::Events::ILogConfiguration::operator* [0x00007FF6B238CC42+276482]\n   \tMicrosoft::Applications::Events::ILogConfiguration::operator* [0x00007FF6B237FA31+222705]\n   \tBaseThreadInitThunk [0x00007FFF50837344+20]\n   \tRtlUserThreadStart [0x00007FFF523226B1+33]\n", "test_name": "test_login_ddt_001[edge-accountant@gmail.com-123456]", "rerun": "0"}, "11": {"status": "PASS", "message": "", "test_name": "test_login_ddt_001[edge-pathologist@gmail.com-123456]", "rerun": "0"}}, "status": {"total_pass": 9, "total_skip": 0, "total_xpass": 0, "total_xfail": 0, "total_rerun": 0, "total_fail": 3, "total_error": 0}}, "2": {"suite_name": "testCases/test_login_API.py", "tests": {"0": {"status": "PASS", "message": "", "test_name": "test_Check_Login_Api", "rerun": "0"}}, "status": {"total_pass": 1, "total_skip": 0, "total_xpass": 0, "total_xfail": 0, "total_rerun": 0, "total_fail": 0, "total_error": 0}}, "3": {"suite_name": "testCases/test_patient_page.py", "tests": {"0": {"status": "PASS", "message": "", "test_name": "test_patient_list_display_url_001[chrome]", "rerun": "0"}, "1": {"status": "FAIL", "message": "       AttributeError: 'NoneType' object has no attribute 'clear'\n", "test_name": "test_SearchPatient__002[chrome]", "rerun": "0"}, "2": {"status": "FAIL", "message": "       AttributeError: 'NoneType' object has no attribute 'clear'\n", "test_name": "test_SearchPatient_003[chrome]", "rerun": "0"}, "3": {"status": "PASS", "message": "", "test_name": "test_patient_list_display_url_001[firefox]", "rerun": "0"}, "4": {"status": "FAIL", "message": "       AttributeError: 'NoneType' object has no attribute 'clear'\n", "test_name": "test_SearchPatient__002[firefox]", "rerun": "0"}, "5": {"status": "FAIL", "message": "       AttributeError: 'NoneType' object has no attribute 'clear'\n", "test_name": "test_SearchPatient_003[firefox]", "rerun": "0"}, "6": {"status": "PASS", "message": "", "test_name": "test_patient_list_display_url_001[edge]", "rerun": "0"}, "7": {"status": "FAIL", "message": "       AttributeError: 'NoneType' object has no attribute 'clear'\n", "test_name": "test_SearchPatient__002[edge]", "rerun": "0"}, "8": {"status": "FAIL", "message": "       AttributeError: 'NoneType' object has no attribute 'clear'\n", "test_name": "test_SearchPatient_003[edge]", "rerun": "0"}}, "status": {"total_pass": 3, "total_skip": 0, "total_xpass": 0, "total_xfail": 0, "total_rerun": 0, "total_fail": 6, "total_error": 0}}}}, "date": "February 29, 2024", "start_time": 1709192944.65991, "total_suite": 4, "status": "FAIL", "status_list": {"pass": "16", "fail": "9", "skip": "3", "error": "0", "xpass": "0", "xfail": "0", "rerun": "0"}, "total_tests": "28"}