{"content": {"suites": {"0": {"status": {"total_pass": 0, "total_skip": 0, "total_xpass": 0, "total_xfail": 0, "total_rerun": 0, "total_fail": 1, "total_error": 0}, "tests": {"0": {"status": "FAIL", "message": "   selenium.common.exceptions.WebDriverException: Message: unknown error: net::ERR_NAME_NOT_RESOLVED\n     (Session info: chrome=123.0.6312.58)\n   Stacktrace:\n   \tGetHandleVerifier [0x00007FF6D3577062+63090]\n   \t(No symbol) [0x00007FF6D34E2CB2]\n   \t(No symbol) [0x00007FF6D337EC65]\n   \t(No symbol) [0x00007FF6D337AC1A]\n   \t(No symbol) [0x00007FF6D336D514]\n   \t(No symbol) [0x00007FF6D336E8F8]\n   \t(No symbol) [0x00007FF6D336D7FF]\n   \t(No symbol) [0x00007FF6D336D104]\n   \t(No symbol) [0x00007FF6D336D021]\n   \t(No symbol) [0x00007FF6D336B0A8]\n   \t(No symbol) [0x00007FF6D336B8BC]\n   \t(No symbol) [0x00007FF6D33814AD]\n   \t(No symbol) [0x00007FF6D3403D67]\n   \t(No symbol) [0x00007FF6D33E6FDA]\n   \t(No symbol) [0x00007FF6D3403412]\n   \t(No symbol) [0x00007FF6D33E6D83]\n   \t(No symbol) [0x00007FF6D33B83A8]\n   \t(No symbol) [0x00007FF6D33B9441]\n   \tGetHandleVerifier [0x00007FF6D39725CD+4238301]\n   \tGetHandleVerifier [0x00007FF6D39AF72D+4488509]\n   \tGetHandleVerifier [0x00007FF6D39A7A0F+4456479]\n   \tGetHandleVerifier [0x00007FF6D36505A6+953270]\n   \t(No symbol) [0x00007FF6D34EE57F]\n   \t(No symbol) [0x00007FF6D34E9254]\n   \t(No symbol) [0x00007FF6D34E938B]\n   \t(No symbol) [0x00007FF6D34D9BC4]\n   \tBaseThreadInitThunk [0x00007FFB19047344+20]\n   \tRtlUserThreadStart [0x00007FFB198826B1+33]\n", "test_name": "test_01_admin_login", "rerun": "0"}}, "suite_name": "testCases/test_Login_UI.py"}, "1": {"suite_name": "testCases/test_Multi_Login_ddt.py", "tests": {"0": {"status": "FAIL", "message": "   selenium.common.exceptions.WebDriverException: Message: unknown error: net::ERR_NAME_NOT_RESOLVED\n     (Session info: chrome=123.0.6312.58)\n   Stacktrace:\n   \tGetHandleVerifier [0x00007FF6D3577062+63090]\n   \t(No symbol) [0x00007FF6D34E2CB2]\n   \t(No symbol) [0x00007FF6D337EC65]\n   \t(No symbol) [0x00007FF6D337AC1A]\n   \t(No symbol) [0x00007FF6D336D514]\n   \t(No symbol) [0x00007FF6D336E8F8]\n   \t(No symbol) [0x00007FF6D336D7FF]\n   \t(No symbol) [0x00007FF6D336D104]\n   \t(No symbol) [0x00007FF6D336D021]\n   \t(No symbol) [0x00007FF6D336B0A8]\n   \t(No symbol) [0x00007FF6D336B8BC]\n   \t(No symbol) [0x00007FF6D33814AD]\n   \t(No symbol) [0x00007FF6D3403D67]\n   \t(No symbol) [0x00007FF6D33E6FDA]\n   \t(No symbol) [0x00007FF6D3403412]\n   \t(No symbol) [0x00007FF6D33E6D83]\n   \t(No symbol) [0x00007FF6D33B83A8]\n   \t(No symbol) [0x00007FF6D33B9441]\n   \tGetHandleVerifier [0x00007FF6D39725CD+4238301]\n   \tGetHandleVerifier [0x00007FF6D39AF72D+4488509]\n   \tGetHandleVerifier [0x00007FF6D39A7A0F+4456479]\n   \tGetHandleVerifier [0x00007FF6D36505A6+953270]\n   \t(No symbol) [0x00007FF6D34EE57F]\n   \t(No symbol) [0x00007FF6D34E9254]\n   \t(No symbol) [0x00007FF6D34E938B]\n   \t(No symbol) [0x00007FF6D34D9BC4]\n   \tBaseThreadInitThunk [0x00007FFB19047344+20]\n   \tRtlUserThreadStart [0x00007FFB198826B1+33]\n", "test_name": "test_02_login_ddt[admin@gmail.com-123456]", "rerun": "0"}, "1": {"status": "FAIL", "message": "   selenium.common.exceptions.WebDriverException: Message: unknown error: net::ERR_NAME_NOT_RESOLVED\n     (Session info: chrome=123.0.6312.58)\n   Stacktrace:\n   \tGetHandleVerifier [0x00007FF6D3577062+63090]\n   \t(No symbol) [0x00007FF6D34E2CB2]\n   \t(No symbol) [0x00007FF6D337EC65]\n   \t(No symbol) [0x00007FF6D337AC1A]\n   \t(No symbol) [0x00007FF6D336D514]\n   \t(No symbol) [0x00007FF6D336E8F8]\n   \t(No symbol) [0x00007FF6D336D7FF]\n   \t(No symbol) [0x00007FF6D336D104]\n   \t(No symbol) [0x00007FF6D336D021]\n   \t(No symbol) [0x00007FF6D336B0A8]\n   \t(No symbol) [0x00007FF6D336B8BC]\n   \t(No symbol) [0x00007FF6D33814AD]\n   \t(No symbol) [0x00007FF6D3403D67]\n   \t(No symbol) [0x00007FF6D33E6FDA]\n   \t(No symbol) [0x00007FF6D3403412]\n   \t(No symbol) [0x00007FF6D33E6D83]\n   \t(No symbol) [0x00007FF6D33B83A8]\n   \t(No symbol) [0x00007FF6D33B9441]\n   \tGetHandleVerifier [0x00007FF6D39725CD+4238301]\n   \tGetHandleVerifier [0x00007FF6D39AF72D+4488509]\n   \tGetHandleVerifier [0x00007FF6D39A7A0F+4456479]\n   \tGetHandleVerifier [0x00007FF6D36505A6+953270]\n   \t(No symbol) [0x00007FF6D34EE57F]\n   \t(No symbol) [0x00007FF6D34E9254]\n   \t(No symbol) [0x00007FF6D34E938B]\n   \t(No symbol) [0x00007FF6D34D9BC4]\n   \tBaseThreadInitThunk [0x00007FFB19047344+20]\n   \tRtlUserThreadStart [0x00007FFB198826B1+33]\n", "test_name": "test_02_login_ddt[hr@gmail.com-123456]", "rerun": "0"}, "2": {"status": "FAIL", "message": "   selenium.common.exceptions.WebDriverException: Message: unknown error: net::ERR_NAME_NOT_RESOLVED\n     (Session info: chrome=123.0.6312.58)\n   Stacktrace:\n   \tGetHandleVerifier [0x00007FF6D3577062+63090]\n   \t(No symbol) [0x00007FF6D34E2CB2]\n   \t(No symbol) [0x00007FF6D337EC65]\n   \t(No symbol) [0x00007FF6D337AC1A]\n   \t(No symbol) [0x00007FF6D336D514]\n   \t(No symbol) [0x00007FF6D336E8F8]\n   \t(No symbol) [0x00007FF6D336D7FF]\n   \t(No symbol) [0x00007FF6D336D104]\n   \t(No symbol) [0x00007FF6D336D021]\n   \t(No symbol) [0x00007FF6D336B0A8]\n   \t(No symbol) [0x00007FF6D336B8BC]\n   \t(No symbol) [0x00007FF6D33814AD]\n   \t(No symbol) [0x00007FF6D3403D67]\n   \t(No symbol) [0x00007FF6D33E6FDA]\n   \t(No symbol) [0x00007FF6D3403412]\n   \t(No symbol) [0x00007FF6D33E6D83]\n   \t(No symbol) [0x00007FF6D33B83A8]\n   \t(No symbol) [0x00007FF6D33B9441]\n   \tGetHandleVerifier [0x00007FF6D39725CD+4238301]\n   \tGetHandleVerifier [0x00007FF6D39AF72D+4488509]\n   \tGetHandleVerifier [0x00007FF6D39A7A0F+4456479]\n   \tGetHandleVerifier [0x00007FF6D36505A6+953270]\n   \t(No symbol) [0x00007FF6D34EE57F]\n   \t(No symbol) [0x00007FF6D34E9254]\n   \t(No symbol) [0x00007FF6D34E938B]\n   \t(No symbol) [0x00007FF6D34D9BC4]\n   \tBaseThreadInitThunk [0x00007FFB19047344+20]\n   \tRtlUserThreadStart [0x00007FFB198826B1+33]\n", "test_name": "test_02_login_ddt[accountant@gmail.com-123456]", "rerun": "0"}, "3": {"status": "PASS", "message": "", "test_name": "test_02_login_ddt[pathologist@gmail.com-123456]", "rerun": "0"}, "4": {"status": "PASS", "message": "", "test_name": "test_02_login_ddt[radiologist@gmail.com-123456]", "rerun": "0"}}, "status": {"total_pass": 2, "total_skip": 0, "total_xpass": 0, "total_xfail": 0, "total_rerun": 0, "total_fail": 3, "total_error": 0}}, "2": {"suite_name": "testCases/test_patient_page.py", "tests": {"0": {"status": "FAIL", "message": "       assert False\n", "test_name": "test_03_SearchPatient", "rerun": "0"}, "1": {"status": "FAIL", "message": "       AttributeError: 'Test_Patien_Func' object has no attribute 'R'\n       assert False\n", "test_name": "test_04_SearchPatient", "rerun": "0"}}, "status": {"total_pass": 0, "total_skip": 0, "total_xpass": 0, "total_xfail": 0, "total_rerun": 0, "total_fail": 2, "total_error": 0}}}}, "date": "March 22, 2024", "start_time": 1711095941.9858093, "total_suite": 3, "status": "FAIL", "status_list": {"pass": "2", "fail": "6", "skip": "0", "error": "0", "xpass": "0", "xfail": "0", "rerun": "0"}, "total_tests": "8"}